e:\gitrepositories\sauceengine2\lib\lua\x64\debug\lua.pdb
e:\gitrepositories\sauceengine2\lib\lua\x64\debug\lua.idb
e:\gitrepositories\sauceengine2\lib\lua\x64\debug\lobject.obj
e:\gitrepositories\sauceengine2\lib\lua\x64\debug\loadlib.obj
e:\gitrepositories\sauceengine2\lib\lua\x64\debug\lmem.obj
e:\gitrepositories\sauceengine2\lib\lua\x64\debug\lmathlib.obj
e:\gitrepositories\sauceengine2\lib\lua\x64\debug\llex.obj
e:\gitrepositories\sauceengine2\lib\lua\x64\debug\liolib.obj
e:\gitrepositories\sauceengine2\lib\lua\x64\debug\linit.obj
e:\gitrepositories\sauceengine2\lib\lua\x64\debug\lgc.obj
e:\gitrepositories\sauceengine2\lib\lua\x64\debug\lfunc.obj
e:\gitrepositories\sauceengine2\lib\lua\x64\debug\ldump.obj
e:\gitrepositories\sauceengine2\lib\lua\x64\debug\ldo.obj
e:\gitrepositories\sauceengine2\lib\lua\x64\debug\ldebug.obj
e:\gitrepositories\sauceengine2\lib\lua\x64\debug\ldblib.obj
e:\gitrepositories\sauceengine2\lib\lua\x64\debug\lctype.obj
e:\gitrepositories\sauceengine2\lib\lua\x64\debug\lcorolib.obj
e:\gitrepositories\sauceengine2\lib\lua\x64\debug\lcode.obj
e:\gitrepositories\sauceengine2\lib\lua\x64\debug\lbitlib.obj
e:\gitrepositories\sauceengine2\lib\lua\x64\debug\lbaselib.obj
e:\gitrepositories\sauceengine2\lib\lua\x64\debug\lauxlib.obj
e:\gitrepositories\sauceengine2\lib\lua\x64\debug\lapi.obj
e:\gitrepositories\sauceengine2\lib\lua\x64\debug\lzio.obj
e:\gitrepositories\sauceengine2\lib\lua\x64\debug\lvm.obj
e:\gitrepositories\sauceengine2\lib\lua\x64\debug\lutf8lib.obj
e:\gitrepositories\sauceengine2\lib\lua\x64\debug\lundump.obj
e:\gitrepositories\sauceengine2\lib\lua\x64\debug\ltm.obj
e:\gitrepositories\sauceengine2\lib\lua\x64\debug\ltablib.obj
e:\gitrepositories\sauceengine2\lib\lua\x64\debug\ltable.obj
e:\gitrepositories\sauceengine2\lib\lua\x64\debug\lstrlib.obj
e:\gitrepositories\sauceengine2\lib\lua\x64\debug\lstring.obj
e:\gitrepositories\sauceengine2\lib\lua\x64\debug\lstate.obj
e:\gitrepositories\sauceengine2\lib\lua\x64\debug\lparser.obj
e:\gitrepositories\sauceengine2\lib\lua\x64\debug\loslib.obj
e:\gitrepositories\sauceengine2\lib\lua\x64\debug\lopcodes.obj
e:\gitrepositories\sauceengine2\source\x64\debug\lua.lib
e:\gitrepositories\sauceengine2\source\x64\debug\lua.pdb
e:\gitrepositories\sauceengine2\lib\lua\x64\debug\lua.tlog\cl.command.1.tlog
e:\gitrepositories\sauceengine2\lib\lua\x64\debug\lua.tlog\cl.read.1.tlog
e:\gitrepositories\sauceengine2\lib\lua\x64\debug\lua.tlog\cl.write.1.tlog
e:\gitrepositories\sauceengine2\lib\lua\x64\debug\lua.tlog\lib-link.read.1.tlog
e:\gitrepositories\sauceengine2\lib\lua\x64\debug\lua.tlog\lib-link.write.1.tlog
e:\gitrepositories\sauceengine2\lib\lua\x64\debug\lua.tlog\lib.command.1.tlog
