C:\Program Files (x86)\Microsoft Visual Studio\2017\Community\Common7\IDE\VC\VCTargets\Microsoft.CppBuild.targets(376,5): warning MSB8004: Intermediate Directory does not end with a trailing slash.  This build instance will add the slash as it is required to allow proper evaluation of the Intermediate Directory.
C:\Program Files (x86)\Microsoft Visual Studio\2017\Community\Common7\IDE\VC\VCTargets\Microsoft.CppBuild.targets(377,5): warning MSB8004: Output Directory does not end with a trailing slash.  This build instance will add the slash as it is required to allow proper evaluation of the Output Directory.
  compilation header save succeeded; see E:\GitRepositories\SauceEngine2\Source\Engine\FramebufferPS.shh
  compilation header save succeeded; see E:\GitRepositories\SauceEngine2\Source\Engine\FramebufferVS.shh
  DXErr.cpp
  EventHandler.cpp
  Game.cpp
  Graphics.cpp
  Keyboard.cpp
  MainWindow.cpp
  Mouse.cpp
  Actor.cpp
  ActorComponent.cpp
  AI_Component.cpp
  Ammo.cpp
  GraphicsComponentInterface.cpp
  HardwareChecks.cpp
  Health.cpp
  Mana.cpp
  MeshCollider.cpp
  MeshRenderer.cpp
  Pathfinding.cpp
  PhysicsComponent.cpp
  PickupsInterface.cpp
  Rigidbody.cpp
  SpecialAbility.cpp
  StatsComponent.cpp
  Transform.cpp
  SauceEngine2.cpp
  Engine.vcxproj -> E:\GitRepositories\SauceEngine2\Source\..\Game\SauceEngine2.exe
